<?xml version="1.0" encoding="UTF-8"?>
<testsuite xmlns:xsi="http://www.w3.org/2001/XMLSchema-instance" xsi:noNamespaceSchemaLocation="https://maven.apache.org/surefire/maven-surefire-plugin/xsd/surefire-test-report.xsd" name="io.github.oliviercailloux.y2018.apartments.valuefunction.DiscreteValueFunctionTest" time="0.063" tests="4" errors="0" skipped="0" failures="0">
  <properties>
[...]
</properties>
  <testcase name="exceptionDiffArgsString" classname="io.github.oliviercailloux.y2018.apartments.valuefunction.DiscreteValueFunctionTest" time="0.052"/>
  <testcase name="exceptionTesting" classname="io.github.oliviercailloux.y2018.apartments.valuefunction.DiscreteValueFunctionTest" time="0.002"/>
  <testcase name="getSubjectiveValueTest" classname="io.github.oliviercailloux.y2018.apartments.valuefunction.DiscreteValueFunctionTest" time="0.005"/>
  <testcase name="ConstructorValueTest" classname="io.github.oliviercailloux.y2018.apartments.valuefunction.DiscreteValueFunctionTest" time="0.001"/>
</testsuite>